INFO:  latexindent.pl version 3.22.1, 2023-07-02, a script to indent .tex files
       latexindent.pl lives here: /usr/local/Cellar/latexindent/3.22.1/libexec/bin/
       Wed Jul  5 11:44:06 2023
       Filename: /Users/larsleimbach/Documents/Iot-Praktikum/sensor-report/sections/__latexindent_temp_compareAlgo.tex
INFO:  Processing switches:
       -y|--yaml: YAML settings specified via command line
       -c|--cruft: cruft directory
INFO:  Directory for backup files and /Users/larsleimbach/Documents/Iot-Praktikum/sensor-report//indent.log:
       /Users/larsleimbach/Documents/Iot-Praktikum/sensor-report/
INFO:  Perl modules are being loaded from the following directories:
       /usr/local/opt/perl/lib/perl5/5.36/FindBin.pm
       /usr/local/Cellar/latexindent/3.22.1/libexec/lib/perl5/YAML/Tiny.pm
       /usr/local/opt/perl/lib/perl5/5.36/File/Copy.pm
       /usr/local/opt/perl/lib/perl5/5.36/File/Basename.pm
       /usr/local/opt/perl/lib/perl5/5.36/Getopt/Long.pm
       /usr/local/Cellar/latexindent/3.22.1/libexec/lib/perl5/File/HomeDir.pm
INFO:  LatexIndent perl modules are being loaded from, for example:
       /usr/local/Cellar/latexindent/3.22.1/libexec/lib/perl5/LatexIndent/Document.pm
INFO:  YAML settings read: defaultSettings.yaml
       Reading defaultSettings.yaml from /usr/local/Cellar/latexindent/3.22.1/libexec/bin/defaultSettings.yaml
INFO:  YAML reading settings
       Home directory is /Users/larsleimbach
       latexindent.pl didn't find indentconfig.yaml or .indentconfig.yaml
       see all possible locations: https://latexindentpl.readthedocs.io/en/latest/sec-appendices.html#indentconfig-options)
INFO:  YAML settings read: -y switch
       YAML setting: defaultIndent:'    '
       single-quoted string found in -y switch: '    ', substitute to     
       Updating mainSettings with defaultIndent:     
INFO:  Phase 1: searching for objects
INFO:  Phase 2: finding surrounding indentation
INFO:  Phase 3: indenting objects
INFO:  Phase 4: final indentation check
INFO:  Output routine:
       Not outputting to file; see -w and -o switches for more options.
       --------------
INFO:  Please direct all communication/issues to:
        https://github.com/cmhughes/latexindent.pl
